Compilación iniciada a las 2015-08-06 4:46:16 PM.
     1>Proyecto "C:\Users\leonardo\Desktop\PROYECTOANDROID\trunk\Proyecto Base\Proyecto\Proyecto\Game.vcxproj" en el nodo 2 (Build destinos).
     1>C:\Program Files (x86)\MSBuild\Microsoft.Cpp\v4.0\V120\Microsoft.CppBuild.targets(357,5): warning MSB8004: Output Directory does not end with a trailing slash.  This build instance will add the slash as it is required to allow proper evaluation of the Output Directory.
     1>ClCompile:
         C:\Program Files (x86)\Microsoft Visual Studio 12.0\VC\bin\CL.exe /c /I"C:\Users\leonardo\Desktop\PROYECTOANDROID\trunk\Proyecto Base\Proyecto\Proyecto\\..\Librerias\sdl2\include" /ZI /nologo /W3 /WX- /Od /Oy- /D USING_OPENGL /D _MBCS /D _MBCS /Gm /EHsc /RTC1 /MDd /GS /fp:precise /Zc:wchar_t /Zc:forScope /Fo"Debug\\" /Fd"Debug\vc120.pdb" /Gd /TP /analyze- /errorReport:prompt ..\Source\main.cpp ..\Source\Game.cpp ..\Source\Nave.cpp ..\Source\OpegGLImplement.cpp ..\Source\Sprite.cpp ..\Source\SpriteDef.cpp ..\Source\Stage.cpp
         Stage.cpp
     1>c:\users\leonardo\desktop\proyectoandroid\trunk\proyecto base\proyecto\source\sprite.h(97): warning C4200: se ha utilizado una extensión no estándar : matriz de tamaño cero en struct/union
                 No se puede generar el constructor de copias o el operador de asignación de copias cuando el tipo definido por el usuario contiene una matriz de tamaño cero
         SpriteDef.cpp
         Sprite.cpp
     1>c:\users\leonardo\desktop\proyectoandroid\trunk\proyecto base\proyecto\source\sprite.h(97): warning C4200: se ha utilizado una extensión no estándar : matriz de tamaño cero en struct/union
                 No se puede generar el constructor de copias o el operador de asignación de copias cuando el tipo definido por el usuario contiene una matriz de tamaño cero
     1>c:\users\leonardo\desktop\proyectoandroid\trunk\proyecto base\proyecto\source\sprite.cpp(43): warning C4244: 'argumento' : conversión de 'GLfloat' a 'GLuint'; posible pérdida de datos
     1>c:\users\leonardo\desktop\proyectoandroid\trunk\proyecto base\proyecto\source\sprite.cpp(61): warning C4996: 'strcpy': This function or variable may be unsafe. Consider using strcpy_s instead. To disable deprecation, use _CRT_SECURE_NO_WARNINGS. See online help for details.
                 c:\program files (x86)\microsoft visual studio 12.0\vc\include\string.h(112) : vea la declaración de 'strcpy'
     1>c:\users\leonardo\desktop\proyectoandroid\trunk\proyecto base\proyecto\source\sprite.cpp(62): warning C4996: 'strcpy': This function or variable may be unsafe. Consider using strcpy_s instead. To disable deprecation, use _CRT_SECURE_NO_WARNINGS. See online help for details.
                 c:\program files (x86)\microsoft visual studio 12.0\vc\include\string.h(112) : vea la declaración de 'strcpy'
     1>c:\users\leonardo\desktop\proyectoandroid\trunk\proyecto base\proyecto\source\sprite.cpp(63): warning C4996: 'strcat': This function or variable may be unsafe. Consider using strcat_s instead. To disable deprecation, use _CRT_SECURE_NO_WARNINGS. See online help for details.
                 c:\program files (x86)\microsoft visual studio 12.0\vc\include\string.h(118) : vea la declaración de 'strcat'
     1>c:\users\leonardo\desktop\proyectoandroid\trunk\proyecto base\proyecto\source\sprite.cpp(64): warning C4996: 'strcat': This function or variable may be unsafe. Consider using strcat_s instead. To disable deprecation, use _CRT_SECURE_NO_WARNINGS. See online help for details.
                 c:\program files (x86)\microsoft visual studio 12.0\vc\include\string.h(118) : vea la declaración de 'strcat'
     1>c:\users\leonardo\desktop\proyectoandroid\trunk\proyecto base\proyecto\source\sprite.cpp(83): warning C4244: '=' : conversión de 'GLfloat' a 'int'; posible pérdida de datos
     1>c:\users\leonardo\desktop\proyectoandroid\trunk\proyecto base\proyecto\source\sprite.cpp(84): warning C4244: '=' : conversión de 'GLfloat' a 'int'; posible pérdida de datos
     1>c:\users\leonardo\desktop\proyectoandroid\trunk\proyecto base\proyecto\source\sprite.cpp(92): warning C4244: '=' : conversión de 'int' a 'GLfloat'; posible pérdida de datos
     1>c:\users\leonardo\desktop\proyectoandroid\trunk\proyecto base\proyecto\source\sprite.cpp(93): warning C4244: '=' : conversión de 'int' a 'GLfloat'; posible pérdida de datos
     1>c:\users\leonardo\desktop\proyectoandroid\trunk\proyecto base\proyecto\source\sprite.cpp(183): warning C4244: 'return' : conversión de 'GLfloat' a 'int'; posible pérdida de datos
     1>c:\users\leonardo\desktop\proyectoandroid\trunk\proyecto base\proyecto\source\sprite.cpp(187): warning C4244: 'return' : conversión de 'GLfloat' a 'int'; posible pérdida de datos
     1>c:\users\leonardo\desktop\proyectoandroid\trunk\proyecto base\proyecto\source\sprite.cpp(286): warning C4996: 'strtok': This function or variable may be unsafe. Consider using strtok_s instead. To disable deprecation, use _CRT_SECURE_NO_WARNINGS. See online help for details.
                 c:\program files (x86)\microsoft visual studio 12.0\vc\include\string.h(204) : vea la declaración de 'strtok'
     1>c:\users\leonardo\desktop\proyectoandroid\trunk\proyecto base\proyecto\source\sprite.cpp(288): warning C4244: 'argumento' : conversión de 'double' a 'GLfloat'; posible pérdida de datos
     1>c:\users\leonardo\desktop\proyectoandroid\trunk\proyecto base\proyecto\source\sprite.cpp(288): warning C4996: 'strtok': This function or variable may be unsafe. Consider using strtok_s instead. To disable deprecation, use _CRT_SECURE_NO_WARNINGS. See online help for details.
                 c:\program files (x86)\microsoft visual studio 12.0\vc\include\string.h(204) : vea la declaración de 'strtok'
     1>c:\users\leonardo\desktop\proyectoandroid\trunk\proyecto base\proyecto\source\sprite.cpp(303): warning C4996: 'strtok': This function or variable may be unsafe. Consider using strtok_s instead. To disable deprecation, use _CRT_SECURE_NO_WARNINGS. See online help for details.
                 c:\program files (x86)\microsoft visual studio 12.0\vc\include\string.h(204) : vea la declaración de 'strtok'
     1>c:\users\leonardo\desktop\proyectoandroid\trunk\proyecto base\proyecto\source\sprite.cpp(305): warning C4244: '=' : conversión de 'double' a 'GLfloat'; posible pérdida de datos
     1>c:\users\leonardo\desktop\proyectoandroid\trunk\proyecto base\proyecto\source\sprite.cpp(305): warning C4996: 'strtok': This function or variable may be unsafe. Consider using strtok_s instead. To disable deprecation, use _CRT_SECURE_NO_WARNINGS. See online help for details.
                 c:\program files (x86)\microsoft visual studio 12.0\vc\include\string.h(204) : vea la declaración de 'strtok'
     1>c:\users\leonardo\desktop\proyectoandroid\trunk\proyecto base\proyecto\source\sprite.cpp(319): warning C4996: 'strtok': This function or variable may be unsafe. Consider using strtok_s instead. To disable deprecation, use _CRT_SECURE_NO_WARNINGS. See online help for details.
                 c:\program files (x86)\microsoft visual studio 12.0\vc\include\string.h(204) : vea la declaración de 'strtok'
     1>c:\users\leonardo\desktop\proyectoandroid\trunk\proyecto base\proyecto\source\sprite.cpp(320): warning C4018: '<' : no coinciden signed/unsigned
     1>c:\users\leonardo\desktop\proyectoandroid\trunk\proyecto base\proyecto\source\sprite.cpp(321): warning C4996: 'strtok': This function or variable may be unsafe. Consider using strtok_s instead. To disable deprecation, use _CRT_SECURE_NO_WARNINGS. See online help for details.
                 c:\program files (x86)\microsoft visual studio 12.0\vc\include\string.h(204) : vea la declaración de 'strtok'
         OpegGLImplement.cpp
         Nave.cpp
     1>c:\users\leonardo\desktop\proyectoandroid\trunk\proyecto base\proyecto\source\sprite.h(97): warning C4200: se ha utilizado una extensión no estándar : matriz de tamaño cero en struct/union
                 No se puede generar el constructor de copias o el operador de asignación de copias cuando el tipo definido por el usuario contiene una matriz de tamaño cero
     1>c:\users\leonardo\desktop\proyectoandroid\trunk\proyecto base\proyecto\source\nave.cpp(53): warning C4244: 'argumento' : conversión de 'int' a 'GLfloat'; posible pérdida de datos
     1>c:\users\leonardo\desktop\proyectoandroid\trunk\proyecto base\proyecto\source\nave.cpp(55): warning C4244: 'argumento' : conversión de 'int' a 'GLfloat'; posible pérdida de datos
     1>c:\users\leonardo\desktop\proyectoandroid\trunk\proyecto base\proyecto\source\nave.cpp(67): warning C4244: 'argumento' : conversión de 'int' a 'GLfloat'; posible pérdida de datos
     1>c:\users\leonardo\desktop\proyectoandroid\trunk\proyecto base\proyecto\source\nave.cpp(71): warning C4244: 'argumento' : conversión de 'int' a 'GLfloat'; posible pérdida de datos
         Game.cpp
     1>c:\users\leonardo\desktop\proyectoandroid\trunk\proyecto base\proyecto\source\sprite.h(97): warning C4200: se ha utilizado una extensión no estándar : matriz de tamaño cero en struct/union
                 No se puede generar el constructor de copias o el operador de asignación de copias cuando el tipo definido por el usuario contiene una matriz de tamaño cero
     1>c:\users\leonardo\desktop\proyectoandroid\trunk\proyecto base\proyecto\source\game.cpp(446): warning C4244: 'argumento' : conversión de 'GLint' a 'GLfloat'; posible pérdida de datos
     1>c:\users\leonardo\desktop\proyectoandroid\trunk\proyecto base\proyecto\source\game.cpp(456): warning C4244: 'argumento' : conversión de 'GLint' a 'GLfloat'; posible pérdida de datos
     1>c:\users\leonardo\desktop\proyectoandroid\trunk\proyecto base\proyecto\source\game.cpp(488): warning C4244: 'argumento' : conversión de 'GLint' a 'GLfloat'; posible pérdida de datos
     1>c:\users\leonardo\desktop\proyectoandroid\trunk\proyecto base\proyecto\source\game.cpp(510): warning C4244: 'argumento' : conversión de 'GLint' a 'GLfloat'; posible pérdida de datos
         main.cpp
     1>c:\users\leonardo\desktop\proyectoandroid\trunk\proyecto base\proyecto\source\sprite.h(97): warning C4200: se ha utilizado una extensión no estándar : matriz de tamaño cero en struct/union
                 No se puede generar el constructor de copias o el operador de asignación de copias cuando el tipo definido por el usuario contiene una matriz de tamaño cero
         Generando código...
       Link:
         C:\Program Files (x86)\Microsoft Visual Studio 12.0\VC\bin\link.exe /ERRORREPORT:PROMPT /OUT:"C:\Users\leonardo\Desktop\PROYECTOANDROID\trunk\Proyecto Base\Proyecto\Proyecto\..\Ejecutable\Game.exe" /INCREMENTAL:NO /NOLOGO /LIBPATH:"C:\Users\leonardo\Desktop\PROYECTOANDROID\trunk\Proyecto Base\Proyecto\Proyecto\\..\Librerias\sdl2\lib\x86" SDL2.lib SDL2main.lib opengl32.lib kernel32.lib user32.lib gdi32.lib winspool.lib comdlg32.lib advapi32.lib shell32.lib ole32.lib oleaut32.lib uuid.lib odbc32.lib odbccp32.lib /MANIFEST /MANIFESTUAC:"level='asInvoker' uiAccess='false'" /manifest:embed /DEBUG /PDB:"C:\Users\leonardo\Desktop\PROYECTOANDROID\trunk\Proyecto Base\Proyecto\Proyecto\..\Ejecutable\Game.pdb" /SUBSYSTEM:CONSOLE /TLBID:1 /DYNAMICBASE /NXCOMPAT /IMPLIB:"C:\Users\leonardo\Desktop\PROYECTOANDROID\trunk\Proyecto Base\Proyecto\Proyecto\..\Ejecutable\Game.lib" /MACHINE:X86 Debug\main.obj
         Debug\Game.obj
         Debug\Nave.obj
         Debug\OpegGLImplement.obj
         Debug\Sprite.obj
         Debug\SpriteDef.obj
         Debug\Stage.obj
     1>main.obj : warning LNK4075: se omite '/EDITANDCONTINUE' debido a la especificación '/OPT:LBR'
     1>MSVCRTD.lib(cinitexe.obj) : warning LNK4098: la biblioteca predeterminada'msvcrt.lib' entra en conflicto con otras bibliotecas; use la biblioteca /NODEFAULTLIB:biblioteca
         Game.vcxproj -> C:\Users\leonardo\Desktop\PROYECTOANDROID\trunk\Proyecto Base\Proyecto\Proyecto\..\Ejecutable\Game.exe
     1>Compilación del proyecto terminada "C:\Users\leonardo\Desktop\PROYECTOANDROID\trunk\Proyecto Base\Proyecto\Proyecto\Game.vcxproj" (Build destinos).

Compilación correcta.

Tiempo transcurrido 00:00:16.68
